build/outputs/logs/manifest-merger-debug-report.txt
-- Merging decision tree log ---
manifest
ADDED from theme/CLockerTechnology/AndroidManifest.xml:2:1-33:12
	package
		ADDED from theme/CLockerTechnology/AndroidManifest.xml:3:5-52
	android:versionName
		ADDED from theme/CLockerTechnology/AndroidManifest.xml:5:5-30
		INJECTED from theme/CLockerTechnology/AndroidManifest.xml
		INJECTED from theme/CLockerTechnology/AndroidManifest.xml
	android:versionCode
		ADDED from theme/CLockerTechnology/AndroidManifest.xml:4:5-28
		INJECTED from theme/CLockerTechnology/AndroidManifest.xml
		INJECTED from theme/CLockerTechnology/AndroidManifest.xml
	xmlns:android
		ADDED from theme/CLockerTechnology/AndroidManifest.xml:2:11-69
uses-sdk
ADDED from theme/CLockerTechnology/AndroidManifest.xml:7:5-9:41
	android:targetSdkVersion
		ADDED from theme/CLockerTechnology/AndroidManifest.xml:9:9-38
	android:minSdkVersion
		ADDED from theme/CLockerTechnology/AndroidManifest.xml:8:9-34
uses-permission#android.permission.VIBRATE
ADDED from theme/CLockerTechnology/AndroidManifest.xml:11:5-66
	android:name
		ADDED from theme/CLockerTechnology/AndroidManifest.xml:11:22-63
application
ADDED from theme/CLockerTechnology/AndroidManifest.xml:13:5-31:19
	android:label
		ADDED from theme/CLockerTechnology/AndroidManifest.xml:16:9-41
	android:allowBackup
		ADDED from theme/CLockerTechnology/AndroidManifest.xml:14:9-35
	android:icon
		ADDED from theme/CLockerTechnology/AndroidManifest.xml:15:9-45
	android:theme
		ADDED from theme/CLockerTechnology/AndroidManifest.xml:17:9-40
activity#com.cyou.cma.clocker.theme.technology.MainActivity
ADDED from theme/CLockerTechnology/AndroidManifest.xml:18:9-27:20
	android:label
		ADDED from theme/CLockerTechnology/AndroidManifest.xml:20:13-45
	android:theme
		ADDED from theme/CLockerTechnology/AndroidManifest.xml:21:13-61
	android:name
		ADDED from theme/CLockerTechnology/AndroidManifest.xml:19:13-78
intent-filter#android.intent.action.MAIN+android.intent.category.LAUNCHER
ADDED from theme/CLockerTechnology/AndroidManifest.xml:22:13-26:29
action#android.intent.action.MAIN
ADDED from theme/CLockerTechnology/AndroidManifest.xml:23:17-69
	android:name
		ADDED from theme/CLockerTechnology/AndroidManifest.xml:23:25-66
category#android.intent.category.LAUNCHER
ADDED from theme/CLockerTechnology/AndroidManifest.xml:25:17-77
	android:name
		ADDED from theme/CLockerTechnology/AndroidManifest.xml:25:27-74
service#com.cyou.cma.clocker.theme.service.AppDownloadServcie
ADDED from theme/CLockerTechnology/AndroidManifest.xml:29:9-30:19
	android:name
		ADDED from theme/CLockerTechnology/AndroidManifest.xml:29:18-86